#
# There is insufficient memory for the Java Runtime Environment to continue.
# Native memory allocation (malloc) failed to allocate 147849216 bytes for committing reserved memory.
# Possible reasons:
#   The system is out of physical RAM or swap space
#   In 32 bit mode, the process size limit was hit
# Possible solutions:
#   Reduce memory load on the system
#   Increase physical memory or swap space
#   Check if swap backing store is full
#   Use 64 bit Java on a 64 bit OS
#   Decrease Java heap size (-Xmx/-Xms)
#   Decrease number of Java threads
#   Decrease Java thread stack sizes (-Xss)
#   Set larger code cache with -XX:ReservedCodeCacheSize=
# This output file may be truncated or incomplete.
#
#  Out of Memory Error (os_linux.cpp:2756), pid=24022, tid=140504030017280
#
# JRE version: Java(TM) SE Runtime Environment (7.0_80-b15) (build 1.7.0_80-b15)
# Java VM: Java HotSpot(TM) 64-Bit Server VM (24.80-b11 mixed mode linux-amd64 compressed oops)
# Failed to write core dump. Core dumps have been disabled. To enable core dumping, try "ulimit -c unlimited" before starting Java again
#

---------------  T H R E A D  ---------------

Current thread (0x00007fc9a006a000):  VMThread [stack: 0x00007fc9a4bc7000,0x00007fc9a4cc8000] [id=24051]

Stack: [0x00007fc9a4bc7000,0x00007fc9a4cc8000],  sp=0x00007fc9a4cc6240,  free space=1020k
Native frames: (J=compiled Java code, j=interpreted, Vv=VM code, C=native code)
V  [libjvm.so+0x9a320a]  VMError::report_and_die()+0x2ea
V  [libjvm.so+0x498d3b]  report_vm_out_of_memory(char const*, int, unsigned long, char const*)+0x9b
V  [libjvm.so+0x82191e]  os::Linux::commit_memory_impl(char*, unsigned long, bool)+0xfe
V  [libjvm.so+0x821e69]  os::pd_commit_memory(char*, unsigned long, unsigned long, bool)+0x29
V  [libjvm.so+0x81bb6a]  os::commit_memory(char*, unsigned long, unsigned long, bool)+0x2a
V  [libjvm.so+0x88d623]  PSVirtualSpace::expand_by(unsigned long)+0x53
V  [libjvm.so+0x88e9f8]  PSYoungGen::resize_generation(unsigned long, unsigned long)+0xf8
V  [libjvm.so+0x88db62]  PSYoungGen::resize(unsigned long, unsigned long)+0x22
V  [libjvm.so+0x88af1d]  PSScavenge::invoke_no_policy()+0xf3d
V  [libjvm.so+0x88b761]  PSScavenge::invoke()+0x41
V  [libjvm.so+0x843f40]  ParallelScavengeHeap::failed_mem_allocate(unsigned long)+0x70
V  [libjvm.so+0x9a4a97]  VM_ParallelGCFailedAllocation::doit()+0x97
V  [libjvm.so+0x9abf35]  VM_Operation::evaluate()+0x55
V  [libjvm.so+0x9aa2fa]  VMThread::evaluate_operation(VM_Operation*)+0xba
V  [libjvm.so+0x9aa67e]  VMThread::loop()+0x1ce
V  [libjvm.so+0x9aaaf0]  VMThread::run()+0x70
V  [libjvm.so+0x8238c8]  java_start(Thread*)+0x108

VM_Operation (0x00007fc9a9761ba0): ParallelGCFailedAllocation, mode: safepoint, requested by thread 0x00007fc9a000a000


---------------  P R O C E S S  ---------------

Java Threads: ( => current thread )
  0x00007fc9a0143000 JavaThread "pool-1-thread-4" [_thread_blocked, id=24096, stack(0x00007fc99c2cf000,0x00007fc99c3d0000)]
  0x00007fc9a0141000 JavaThread "pool-1-thread-3" [_thread_blocked, id=24094, stack(0x00007fc99c3d0000,0x00007fc99c4d1000)]
  0x00007fc9a0140000 JavaThread "pool-1-thread-2" [_thread_blocked, id=24092, stack(0x00007fc99c4d1000,0x00007fc99c5d2000)]
  0x00007fc9a013e000 JavaThread "pool-2-thread-1" [_thread_blocked, id=24084, stack(0x00007fc99c5d2000,0x00007fc99c6d3000)]
  0x00007fc9a013a800 JavaThread "pool-1-thread-1" [_thread_blocked, id=24081, stack(0x00007fc99c6d3000,0x00007fc99c7d4000)]
  0x00007fc9a0099800 JavaThread "Service Thread" daemon [_thread_blocked, id=24078, stack(0x00007fc99ccfd000,0x00007fc99cdfe000)]
  0x00007fc9a0097800 JavaThread "C2 CompilerThread1" daemon [_thread_blocked, id=24077, stack(0x00007fc99cdfe000,0x00007fc99ceff000)]
  0x00007fc9a0094800 JavaThread "C2 CompilerThread0" daemon [_thread_blocked, id=24075, stack(0x00007fc99ceff000,0x00007fc99d000000)]
  0x00007fc9a0092800 JavaThread "Signal Dispatcher" daemon [_thread_blocked, id=24071, stack(0x00007fc9a4078000,0x00007fc9a4179000)]
  0x00007fc9a0070800 JavaThread "Finalizer" daemon [_thread_blocked, id=24054, stack(0x00007fc9a49c5000,0x00007fc9a4ac6000)]
  0x00007fc9a006e800 JavaThread "Reference Handler" daemon [_thread_blocked, id=24053, stack(0x00007fc9a4ac6000,0x00007fc9a4bc7000)]
  0x00007fc9a000a000 JavaThread "main" [_thread_blocked, id=24032, stack(0x00007fc9a9663000,0x00007fc9a9764000)]

Other Threads:
=>0x00007fc9a006a000 VMThread [stack: 0x00007fc9a4bc7000,0x00007fc9a4cc8000] [id=24051]
  0x00007fc9a00ac800 WatcherThread [stack: 0x00007fc99cbfc000,0x00007fc99ccfd000] [id=24079]

VM state:at safepoint (normal execution)

VM Mutex/Monitor currently owned by a thread:  ([mutex/lock_event])
[0x00007fc9a0006630] Threads_lock - owner thread: 0x00007fc9a006a000
[0x00007fc9a0006b30] Heap_lock - owner thread: 0x00007fc9a000a000

Heap
 PSYoungGen      total 143360K, used 18425K [0x00000000eaa80000, 0x00000000f4a80000, 0x0000000100000000)
  eden space 124928K, 0% used [0x00000000eaa80000,0x00000000eaa80000,0x00000000f2480000)
  from space 18432K, 99% used [0x00000000f2480000,0x00000000f367e7c0,0x00000000f3680000)
  to   space 16384K, 0% used [0x00000000f3680000,0x00000000f3680000,0x00000000f4680000)
 ParOldGen       total 83456K, used 41146K [0x00000000c0000000, 0x00000000c5180000, 0x00000000eaa80000)
  object space 83456K, 49% used [0x00000000c0000000,0x00000000c282e828,0x00000000c5180000)
 PSPermGen       total 21504K, used 5936K [0x00000000bae00000, 0x00000000bc300000, 0x00000000c0000000)
  object space 21504K, 27% used [0x00000000bae00000,0x00000000bb3cc2d8,0x00000000bc300000)

Card table byte_map: [0x00007fc9a672c000,0x00007fc9a6956000] byte_map_base: 0x00007fc9a6155000

Polling page: 0x00007fc9a9786000

Code Cache  [0x00007fc99d000000, 0x00007fc99d270000, 0x00007fc9a0000000)
 total_blobs=598 nmethods=368 adapters=183 free_code_cache=47587Kb largest_free_block=48589632

Compilation events (10 events):
Event: 22,716 Thread 0x00007fc9a0094800 nmethod 379 0x00007fc99d0dd150 code [0x00007fc99d0dd2c0, 0x00007fc99d0dd688]
Event: 22,716 Thread 0x00007fc9a0094800  380             com.android.dx.cf.code.BaseMachine::getAuxCst (5 bytes)
Event: 22,717 Thread 0x00007fc9a0094800 nmethod 380 0x00007fc99d097710 code [0x00007fc99d097840, 0x00007fc99d097898]
Event: 22,717 Thread 0x00007fc9a0094800  381             java.util.HashMap$Entry::<init> (26 bytes)
Event: 22,717 Thread 0x00007fc9a0094800 nmethod 381 0x00007fc99d0dcf50 code [0x00007fc99d0dd080, 0x00007fc99d0dd0f8]
Event: 22,717 Thread 0x00007fc9a0094800  382             com.android.dx.dex.code.RopTranslator$LocalVariableAwareTranslationVisitor::addIntroductionIfNecessary (30 bytes)
Event: 22,744 Thread 0x00007fc9a0094800 nmethod 382 0x00007fc99d0dc490 code [0x00007fc99d0dc640, 0x00007fc99d0dc9c8]
Event: 22,744 Thread 0x00007fc9a0094800  383             com.android.dx.rop.code.LocalVariableInfo::getAssignment (12 bytes)
Event: 22,767 Thread 0x00007fc9a0094800 nmethod 383 0x00007fc99d0f0090 code [0x00007fc99d0f0200, 0x00007fc99d0f0418]
Event: 22,767 Thread 0x00007fc9a0094800  384             com.android.dx.ssa.SsaBasicBlock::forEachInsn (37 bytes)

GC Heap History (10 events):
Event: 5,571 GC heap after
Heap after GC invocations=2 (full 0):
 PSYoungGen      total 36864K, used 5093K [0x00000000eaa80000, 0x00000000ef280000, 0x0000000100000000)
  eden space 31744K, 0% used [0x00000000eaa80000,0x00000000eaa80000,0x00000000ec980000)
  from space 5120K, 99% used [0x00000000ece80000,0x00000000ed379500,0x00000000ed380000)
  to   space 5120K, 0% used [0x00000000ec980000,0x00000000ec980000,0x00000000ece80000)
 ParOldGen       total 83456K, used 5807K [0x00000000c0000000, 0x00000000c5180000, 0x00000000eaa80000)
  object space 83456K, 6% used [0x00000000c0000000,0x00000000c05abed0,0x00000000c5180000)
 PSPermGen       total 21504K, used 5743K [0x00000000bae00000, 0x00000000bc300000, 0x00000000c0000000)
  object space 21504K, 26% used [0x00000000bae00000,0x00000000bb39bdf8,0x00000000bc300000)
}
Event: 9,209 GC heap before
{Heap before GC invocations=3 (full 0):
 PSYoungGen      total 36864K, used 36837K [0x00000000eaa80000, 0x00000000ef280000, 0x0000000100000000)
  eden space 31744K, 100% used [0x00000000eaa80000,0x00000000ec980000,0x00000000ec980000)
  from space 5120K, 99% used [0x00000000ece80000,0x00000000ed379500,0x00000000ed380000)
  to   space 5120K, 0% used [0x00000000ec980000,0x00000000ec980000,0x00000000ece80000)
 ParOldGen       total 83456K, used 5807K [0x00000000c0000000, 0x00000000c5180000, 0x00000000eaa80000)
  object space 83456K, 6% used [0x00000000c0000000,0x00000000c05abed0,0x00000000c5180000)
 PSPermGen       total 21504K, used 5775K [0x00000000bae00000, 0x00000000bc300000, 0x00000000c0000000)
  object space 21504K, 26% used [0x00000000bae00000,0x00000000bb3a3c70,0x00000000bc300000)
Event: 9,311 GC heap after
Heap after GC invocations=3 (full 0):
 PSYoungGen      total 36864K, used 5093K [0x00000000eaa80000, 0x00000000ef280000, 0x0000000100000000)
  eden space 31744K, 0% used [0x00000000eaa80000,0x00000000eaa80000,0x00000000ec980000)
  from space 5120K, 99% used [0x00000000ec980000,0x00000000ece79520,0x00000000ece80000)
  to   space 5120K, 0% used [0x00000000eed80000,0x00000000eed80000,0x00000000ef280000)
 ParOldGen       total 83456K, used 10411K [0x00000000c0000000, 0x00000000c5180000, 0x00000000eaa80000)
  object space 83456K, 12% used [0x00000000c0000000,0x00000000c0a2ae08,0x00000000c5180000)
 PSPermGen       total 21504K, used 5775K [0x00000000bae00000, 0x00000000bc300000, 0x00000000c0000000)
  object space 21504K, 26% used [0x00000000bae00000,0x00000000bb3a3c70,0x00000000bc300000)
}
Event: 10,997 GC heap before
{Heap before GC invocations=4 (full 0):
 PSYoungGen      total 36864K, used 36837K [0x00000000eaa80000, 0x00000000ef280000, 0x0000000100000000)
  eden space 31744K, 100% used [0x00000000eaa80000,0x00000000ec980000,0x00000000ec980000)
  from space 5120K, 99% used [0x00000000ec980000,0x00000000ece79520,0x00000000ece80000)
  to   space 5120K, 0% used [0x00000000eed80000,0x00000000eed80000,0x00000000ef280000)
 ParOldGen       total 83456K, used 10411K [0x00000000c0000000, 0x00000000c5180000, 0x00000000eaa80000)
  object space 83456K, 12% used [0x00000000c0000000,0x00000000c0a2ae08,0x00000000c5180000)
 PSPermGen       total 21504K, used 5817K [0x00000000bae00000, 0x00000000bc300000, 0x00000000c0000000)
  object space 21504K, 27% used [0x00000000bae00000,0x00000000bb3ae5d0,0x00000000bc300000)
Event: 11,086 GC heap after
Heap after GC invocations=4 (full 0):
 PSYoungGen      total 68608K, used 5109K [0x00000000eaa80000, 0x00000000ef280000, 0x0000000100000000)
  eden space 63488K, 0% used [0x00000000eaa80000,0x00000000eaa80000,0x00000000ee880000)
  from space 5120K, 99% used [0x00000000eed80000,0x00000000ef27d510,0x00000000ef280000)
  to   space 5120K, 0% used [0x00000000ee880000,0x00000000ee880000,0x00000000eed80000)
 ParOldGen       total 83456K, used 15119K [0x00000000c0000000, 0x00000000c5180000, 0x00000000eaa80000)
  object space 83456K, 18% used [0x00000000c0000000,0x00000000c0ec3ed0,0x00000000c5180000)
 PSPermGen       total 21504K, used 5817K [0x00000000bae00000, 0x00000000bc300000, 0x00000000c0000000)
  object space 21504K, 27% used [0x00000000bae00000,0x00000000bb3ae5d0,0x00000000bc300000)
}
Event: 14,682 GC heap before
{Heap before GC invocations=5 (full 0):
 PSYoungGen      total 68608K, used 68597K [0x00000000eaa80000, 0x00000000ef280000, 0x0000000100000000)
  eden space 63488K, 100% used [0x00000000eaa80000,0x00000000ee880000,0x00000000ee880000)
  from space 5120K, 99% used [0x00000000eed80000,0x00000000ef27d510,0x00000000ef280000)
  to   space 5120K, 0% used [0x00000000ee880000,0x00000000ee880000,0x00000000eed80000)
 ParOldGen       total 83456K, used 15119K [0x00000000c0000000, 0x00000000c5180000, 0x00000000eaa80000)
  object space 83456K, 18% used [0x00000000c0000000,0x00000000c0ec3ed0,0x00000000c5180000)
 PSPermGen       total 21504K, used 5846K [0x00000000bae00000, 0x00000000bc300000, 0x00000000c0000000)
  object space 21504K, 27% used [0x00000000bae00000,0x00000000bb3b5848,0x00000000bc300000)
Event: 14,790 GC heap after
Heap after GC invocations=5 (full 0):
 PSYoungGen      total 68608K, used 5112K [0x00000000eaa80000, 0x00000000f4680000, 0x0000000100000000)
  eden space 63488K, 0% used [0x00000000eaa80000,0x00000000eaa80000,0x00000000ee880000)
  from space 5120K, 99% used [0x00000000ee880000,0x00000000eed7e130,0x00000000eed80000)
  to   space 16384K, 0% used [0x00000000f3680000,0x00000000f3680000,0x00000000f4680000)
 ParOldGen       total 83456K, used 25689K [0x00000000c0000000, 0x00000000c5180000, 0x00000000eaa80000)
  object space 83456K, 30% used [0x00000000c0000000,0x00000000c1916438,0x00000000c5180000)
 PSPermGen       total 21504K, used 5846K [0x00000000bae00000, 0x00000000bc300000, 0x00000000c0000000)
  object space 21504K, 27% used [0x00000000bae00000,0x00000000bb3b5848,0x00000000bc300000)
}
Event: 17,901 GC heap before
{Heap before GC invocations=6 (full 0):
 PSYoungGen      total 68608K, used 68600K [0x00000000eaa80000, 0x00000000f4680000, 0x0000000100000000)
  eden space 63488K, 100% used [0x00000000eaa80000,0x00000000ee880000,0x00000000ee880000)
  from space 5120K, 99% used [0x00000000ee880000,0x00000000eed7e130,0x00000000eed80000)
  to   space 16384K, 0% used [0x00000000f3680000,0x00000000f3680000,0x00000000f4680000)
 ParOldGen       total 83456K, used 25689K [0x00000000c0000000, 0x00000000c5180000, 0x00000000eaa80000)
  object space 83456K, 30% used [0x00000000c0000000,0x00000000c1916438,0x00000000c5180000)
 PSPermGen       total 21504K, used 5865K [0x00000000bae00000, 0x00000000bc300000, 0x00000000c0000000)
  object space 21504K, 27% used [0x00000000bae00000,0x00000000bb3ba790,0x00000000bc300000)
Event: 18,088 GC heap after
Heap after GC invocations=6 (full 0):
 PSYoungGen      total 141312K, used 16051K [0x00000000eaa80000, 0x00000000f4a80000, 0x0000000100000000)
  eden space 124928K, 0% used [0x00000000eaa80000,0x00000000eaa80000,0x00000000f2480000)
  from space 16384K, 97% used [0x00000000f3680000,0x00000000f462cfd0,0x00000000f4680000)
  to   space 18432K, 0% used [0x00000000f2480000,0x00000000f2480000,0x00000000f3680000)
 ParOldGen       total 83456K, used 25689K [0x00000000c0000000, 0x00000000c5180000, 0x00000000eaa80000)
  object space 83456K, 30% used [0x00000000c0000000,0x00000000c1916438,0x00000000c5180000)
 PSPermGen       total 21504K, used 5865K [0x00000000bae00000, 0x00000000bc300000, 0x00000000c0000000)
  object space 21504K, 27% used [0x00000000bae00000,0x00000000bb3ba790,0x00000000bc300000)
}
Event: 22,840 GC heap before
{Heap before GC invocations=7 (full 0):
 PSYoungGen      total 141312K, used 140979K [0x00000000eaa80000, 0x00000000f4a80000, 0x0000000100000000)
  eden space 124928K, 100% used [0x00000000eaa80000,0x00000000f2480000,0x00000000f2480000)
  from space 16384K, 97% used [0x00000000f3680000,0x00000000f462cfd0,0x00000000f4680000)
  to   space 18432K, 0% used [0x00000000f2480000,0x00000000f2480000,0x00000000f3680000)
 ParOldGen       total 83456K, used 25689K [0x00000000c0000000, 0x00000000c5180000, 0x00000000eaa80000)
  object space 83456K, 30% used [0x00000000c0000000,0x00000000c1916438,0x00000000c5180000)
 PSPermGen       total 21504K, used 5936K [0x00000000bae00000, 0x00000000bc300000, 0x00000000c0000000)
  object space 21504K, 27% used [0x00000000bae00000,0x00000000bb3cc2d8,0x00000000bc300000)

Deoptimization events (10 events):
Event: 11,767 Thread 0x00007fc9a000a000 Uncommon trap: reason=unstable_if action=reinterpret pc=0x00007fc99d0fe680 method=com.android.dx.rop.code.LocalVariableExtractor.processBlock(I)V @ 195
Event: 12,214 Thread 0x00007fc9a000a000 Uncommon trap: reason=null_check action=make_not_entrant pc=0x00007fc99d0fa424 method=com.android.dx.rop.type.Type.putIntern(Lcom/android/dx/rop/type/Type;)Lcom/android/dx/rop/type/Type; @ 18
Event: 13,115 Thread 0x00007fc9a000a000 Uncommon trap: reason=unstable_if action=reinterpret pc=0x00007fc99d0a69a8 method=com.android.dx.rop.code.LocalItem.compareHandlesNulls(Lcom/android/dx/rop/cst/CstString;Lcom/android/dx/rop/cst/CstString;)I @ 14
Event: 13,115 Thread 0x00007fc9a000a000 Uncommon trap: reason=unstable_if action=reinterpret pc=0x00007fc99d0a6f28 method=com.android.dx.rop.code.LocalItem.compareHandlesNulls(Lcom/android/dx/rop/cst/CstString;Lcom/android/dx/rop/cst/CstString;)I @ 14
Event: 15,515 Thread 0x00007fc9a0140000 Uncommon trap: reason=null_check action=make_not_entrant pc=0x00007fc99d129440 method=com.android.dx.cf.code.Ropper$CatchInfo.getSetup(Lcom/android/dx/rop/type/Type;)Lcom/android/dx/cf/code/Ropper$ExceptionHandlerSetup; @ 10
Event: 18,677 Thread 0x00007fc9a013a800 Uncommon trap: reason=unstable_if action=reinterpret pc=0x00007fc99d0943b4 method=com.android.dx.util.IntList.binarysearch(I)I @ 105
Event: 21,894 Thread 0x00007fc9a0141000 Uncommon trap: reason=bimorphic action=maybe_recompile pc=0x00007fc99d16bfd0 method=com.android.dx.cf.code.BytecodeArray.parseInstruction(ILcom/android/dx/cf/code/BytecodeArray$Visitor;)I @ 971
Event: 21,894 Thread 0x00007fc9a0141000 Uncommon trap: reason=bimorphic action=maybe_recompile pc=0x00007fc99d16c04c method=com.android.dx.cf.code.BytecodeArray.parseInstruction(ILcom/android/dx/cf/code/BytecodeArray$Visitor;)I @ 955
Event: 21,894 Thread 0x00007fc9a0141000 Uncommon trap: reason=bimorphic action=maybe_recompile pc=0x00007fc99d16bfd0 method=com.android.dx.cf.code.BytecodeArray.parseInstruction(ILcom/android/dx/cf/code/BytecodeArray$Visitor;)I @ 971
Event: 21,894 Thread 0x00007fc9a0141000 Uncommon trap: reason=bimorphic action=maybe_recompile pc=0x00007fc99d16c04c method=com.android.dx.cf.code.BytecodeArray.parseInstruction(ILcom/android/dx/cf/code/BytecodeArray$Visitor;)I @ 955

Internal exceptions (10 events):
Event: 3,238 Thread 0x00007fc9a000a000 Threw 0x00000000eab2ffd0 at /HUDSON/workspace/7u-2-build-linux-amd64/jdk7u80/2329/hotspot/src/share/vm/prims/jvm.cpp:1319
Event: 4,450 Thread 0x00007fc9a000a000 Implicit null exception at 0x00007fc99d096539 to 0x00007fc99d097b21
Event: 7,906 Thread 0x00007fc9a0141000 Threw 0x00000000ebe3f7e8 at /HUDSON/workspace/7u-2-build-linux-amd64/jdk7u80/2329/hotspot/src/share/vm/prims/jvm.cpp:1319
Event: 9,069 Thread 0x00007fc9a000a000 Threw 0x00000000ec818e70 at /HUDSON/workspace/7u-2-build-linux-amd64/jdk7u80/2329/hotspot/src/share/vm/prims/jvm.cpp:1319
Event: 9,136 Thread 0x00007fc9a0143000 Threw 0x00000000ec7ef278 at /HUDSON/workspace/7u-2-build-linux-amd64/jdk7u80/2329/hotspot/src/share/vm/prims/jvm.cpp:1319
Event: 12,214 Thread 0x00007fc9a000a000 Implicit null exception at 0x00007fc99d0f9d5f to 0x00007fc99d0fa415
Event: 13,115 Thread 0x00007fc9a000a000 Implicit null exception at 0x00007fc99d0a680b to 0x00007fc99d0a6995
Event: 13,115 Thread 0x00007fc9a000a000 Implicit null exception at 0x00007fc99d0a6df9 to 0x00007fc99d0a6f15
Event: 13,379 Thread 0x00007fc9a000a000 Threw 0x00000000ed3eb448 at /HUDSON/workspace/7u-2-build-linux-amd64/jdk7u80/2329/hotspot/src/share/vm/prims/jvm.cpp:1319
Event: 15,515 Thread 0x00007fc9a0140000 Implicit null exception at 0x00007fc99d1259c5 to 0x00007fc99d129401

Events (10 events):
Event: 21,894 Thread 0x00007fc9a0141000 DEOPT UNPACKING pc=0x00007fc99d039445 sp=0x00007fc99c4cef98 mode 2
Event: 21,894 Thread 0x00007fc9a0141000 Uncommon trap: trap_request=0xffffffc6 fr.pc=0x00007fc99d16c04c
Event: 21,894 Thread 0x00007fc9a0141000 DEOPT PACKING pc=0x00007fc99d16c04c sp=0x00007fc99c4cefd0
Event: 21,894 Thread 0x00007fc9a0141000 DEOPT UNPACKING pc=0x00007fc99d039445 sp=0x00007fc99c4cef98 mode 2
Event: 22,544 Thread 0x00007fc9a0097800 flushing nmethod 0x00007fc99d0c4450
Event: 22,545 Thread 0x00007fc9a0097800 flushing nmethod 0x00007fc99d0c4690
Event: 22,558 Thread 0x00007fc9a0097800 flushing nmethod 0x00007fc99d0e1a50
Event: 22,558 Thread 0x00007fc9a0097800 flushing nmethod 0x00007fc99d0eec50
Event: 22,558 Thread 0x00007fc9a0097800 flushing nmethod 0x00007fc99d0fc9d0
Event: 22,831 Executing VM operation: ParallelGCFailedAllocation


Dynamic libraries:
00400000-00401000 r-xp 00000000 08:06 13517744                           /usr/lib/jvm/java-7-oracle/bin/java
00600000-00601000 rw-p 00000000 08:06 13517744                           /usr/lib/jvm/java-7-oracle/bin/java
016a5000-016c6000 rw-p 00000000 00:00 0                                  [heap]
bae00000-bc300000 rw-p 00000000 00:00 0 
bc300000-c0000000 rw-p 00000000 00:00 0 
c0000000-c5180000 rw-p 00000000 00:00 0 
c5180000-eaa80000 rw-p 00000000 00:00 0 
eaa80000-f4a80000 rw-p 00000000 00:00 0 
fd780000-100000000 rw-p 00000000 00:00 0 
7fc950000000-7fc950021000 rw-p 00000000 00:00 0 
7fc950021000-7fc954000000 ---p 00000000 00:00 0 
7fc954000000-7fc954021000 rw-p 00000000 00:00 0 
7fc954021000-7fc958000000 ---p 00000000 00:00 0 
7fc958000000-7fc958021000 rw-p 00000000 00:00 0 
7fc958021000-7fc95c000000 ---p 00000000 00:00 0 
7fc95c000000-7fc95c033000 rw-p 00000000 00:00 0 
7fc95c033000-7fc960000000 ---p 00000000 00:00 0 
7fc960000000-7fc960064000 rw-p 00000000 00:00 0 
7fc960064000-7fc964000000 ---p 00000000 00:00 0 
7fc968000000-7fc968021000 rw-p 00000000 00:00 0 
7fc968021000-7fc96c000000 ---p 00000000 00:00 0 
7fc96c000000-7fc96c021000 rw-p 00000000 00:00 0 
7fc96c021000-7fc970000000 ---p 00000000 00:00 0 
7fc970000000-7fc971a54000 rw-p 00000000 00:00 0 
7fc971a54000-7fc974000000 ---p 00000000 00:00 0 
7fc974000000-7fc975876000 rw-p 00000000 00:00 0 
7fc975876000-7fc978000000 ---p 00000000 00:00 0 
7fc978000000-7fc978021000 rw-p 00000000 00:00 0 
7fc978021000-7fc97c000000 ---p 00000000 00:00 0 
7fc97c000000-7fc97c021000 rw-p 00000000 00:00 0 
7fc97c021000-7fc980000000 ---p 00000000 00:00 0 
7fc980000000-7fc98024f000 rw-p 00000000 00:00 0 
7fc98024f000-7fc984000000 ---p 00000000 00:00 0 
7fc984000000-7fc984021000 rw-p 00000000 00:00 0 
7fc984021000-7fc988000000 ---p 00000000 00:00 0 
7fc988000000-7fc988021000 rw-p 00000000 00:00 0 
7fc988021000-7fc98c000000 ---p 00000000 00:00 0 
7fc98dd70000-7fc990000000 rw-p 00000000 00:00 0 
7fc990000000-7fc990021000 rw-p 00000000 00:00 0 
7fc990021000-7fc994000000 ---p 00000000 00:00 0 
7fc994000000-7fc994021000 rw-p 00000000 00:00 0 
7fc994021000-7fc998000000 ---p 00000000 00:00 0 
7fc998000000-7fc998021000 rw-p 00000000 00:00 0 
7fc998021000-7fc99c000000 ---p 00000000 00:00 0 
7fc99c2cf000-7fc99c2d2000 ---p 00000000 00:00 0 
7fc99c2d2000-7fc99c3d0000 rw-p 00000000 00:00 0                          [stack:24096]
7fc99c3d0000-7fc99c3d3000 ---p 00000000 00:00 0 
7fc99c3d3000-7fc99c4d1000 rw-p 00000000 00:00 0                          [stack:24094]
7fc99c4d1000-7fc99c4d4000 ---p 00000000 00:00 0 
7fc99c4d4000-7fc99c5d2000 rw-p 00000000 00:00 0                          [stack:24092]
7fc99c5d2000-7fc99c5d5000 ---p 00000000 00:00 0 
7fc99c5d5000-7fc99c6d3000 rw-p 00000000 00:00 0                          [stack:24084]
7fc99c6d3000-7fc99c6d6000 ---p 00000000 00:00 0 
7fc99c6d6000-7fc99c7d4000 rw-p 00000000 00:00 0                          [stack:24081]
7fc99c7d4000-7fc99c7eb000 r-xp 00000000 08:06 1706655                    /usr/lib/jvm/java-7-oracle/jre/lib/amd64/libnet.so
7fc99c7eb000-7fc99c9ea000 ---p 00017000 08:06 1706655                    /usr/lib/jvm/java-7-oracle/jre/lib/amd64/libnet.so
7fc99c9ea000-7fc99c9eb000 rw-p 00016000 08:06 1706655                    /usr/lib/jvm/java-7-oracle/jre/lib/amd64/libnet.so
7fc99c9eb000-7fc99c9fb000 r-xp 00000000 08:06 1706626                    /usr/lib/jvm/java-7-oracle/jre/lib/amd64/libnio.so
7fc99c9fb000-7fc99cbfb000 ---p 00010000 08:06 1706626                    /usr/lib/jvm/java-7-oracle/jre/lib/amd64/libnio.so
7fc99cbfb000-7fc99cbfc000 rw-p 00010000 08:06 1706626                    /usr/lib/jvm/java-7-oracle/jre/lib/amd64/libnio.so
7fc99cbfc000-7fc99cbfd000 ---p 00000000 00:00 0 
7fc99cbfd000-7fc99ccfd000 rw-p 00000000 00:00 0                          [stack:24079]
7fc99ccfd000-7fc99cd00000 ---p 00000000 00:00 0 
7fc99cd00000-7fc99cdfe000 rw-p 00000000 00:00 0                          [stack:24078]
7fc99cdfe000-7fc99ce01000 ---p 00000000 00:00 0 
7fc99ce01000-7fc99ceff000 rw-p 00000000 00:00 0                          [stack:24077]
7fc99ceff000-7fc99cf02000 ---p 00000000 00:00 0 
7fc99cf02000-7fc99d000000 rw-p 00000000 00:00 0                          [stack:24075]
7fc99d000000-7fc99d270000 rwxp 00000000 00:00 0 
7fc99d270000-7fc9a0198000 rw-p 00000000 00:00 0 
7fc9a0198000-7fc9a4000000 ---p 00000000 00:00 0 
7fc9a4032000-7fc9a4063000 rw-p 00000000 00:00 0 
7fc9a4063000-7fc9a4078000 r--s 000d6000 08:06 10751699                   /home/tatyana/Documents/WORK/projects/testApps_new_work/AgileEngine/TodoApp/app/build/intermediates/exploded-aar/com.android.support/support-v4/23.0.1/jars/classes.jar
7fc9a4078000-7fc9a407b000 ---p 00000000 00:00 0 
7fc9a407b000-7fc9a4179000 rw-p 00000000 00:00 0                          [stack:24071]
7fc9a4179000-7fc9a49c5000 r--p 00000000 08:06 13114186                   /usr/lib/locale/locale-archive
7fc9a49c5000-7fc9a49c8000 ---p 00000000 00:00 0 
7fc9a49c8000-7fc9a4ac6000 rw-p 00000000 00:00 0                          [stack:24054]
7fc9a4ac6000-7fc9a4ac9000 ---p 00000000 00:00 0 
7fc9a4ac9000-7fc9a4bc7000 rw-p 00000000 00:00 0                          [stack:24053]
7fc9a4bc7000-7fc9a4bc8000 ---p 00000000 00:00 0 
7fc9a4bc8000-7fc9a5cc7000 rw-p 00000000 00:00 0                          [stack:24051]
7fc9a5cc7000-7fc9a5e87000 r--s 039fb000 08:06 1706624                    /usr/lib/jvm/java-7-oracle/jre/lib/rt.jar
7fc9a5e87000-7fc9a61a9000 rw-p 00000000 00:00 0 
7fc9a61a9000-7fc9a61aa000 ---p 00000000 00:00 0 
7fc9a61aa000-7fc9a62aa000 rw-p 00000000 00:00 0                          [stack:24036]
7fc9a62aa000-7fc9a62ab000 ---p 00000000 00:00 0 
7fc9a62ab000-7fc9a63ab000 rw-p 00000000 00:00 0                          [stack:24035]
7fc9a63ab000-7fc9a63ac000 ---p 00000000 00:00 0 
7fc9a63ac000-7fc9a64ac000 rw-p 00000000 00:00 0                          [stack:24034]
7fc9a64ac000-7fc9a64ad000 ---p 00000000 00:00 0 
7fc9a64ad000-7fc9a65b8000 rw-p 00000000 00:00 0                          [stack:24033]
7fc9a65b8000-7fc9a65d6000 rw-p 00000000 00:00 0 
7fc9a65d6000-7fc9a65ff000 rw-p 00000000 00:00 0 
7fc9a65ff000-7fc9a672c000 rw-p 00000000 00:00 0 
7fc9a672c000-7fc9a6737000 rw-p 00000000 00:00 0 
7fc9a6737000-7fc9a6755000 rw-p 00000000 00:00 0 
7fc9a6755000-7fc9a677e000 rw-p 00000000 00:00 0 
7fc9a677e000-7fc9a68aa000 rw-p 00000000 00:00 0 
7fc9a68aa000-7fc9a68fb000 rw-p 00000000 00:00 0 
7fc9a68fb000-7fc9a6955000 rw-p 00000000 00:00 0 
7fc9a6955000-7fc9a6956000 rw-p 00000000 00:00 0 
7fc9a6956000-7fc9a696d000 r-xp 00000000 08:06 1706645                    /usr/lib/jvm/java-7-oracle/jre/lib/amd64/libzip.so
7fc9a696d000-7fc9a6b6d000 ---p 00017000 08:06 1706645                    /usr/lib/jvm/java-7-oracle/jre/lib/amd64/libzip.so
7fc9a6b6d000-7fc9a6b6e000 rw-p 00017000 08:06 1706645                    /usr/lib/jvm/java-7-oracle/jre/lib/amd64/libzip.so
7fc9a6b6e000-7fc9a6b79000 r-xp 00000000 08:06 3932478                    /lib/x86_64-linux-gnu/libnss_files-2.19.so
7fc9a6b79000-7fc9a6d78000 ---p 0000b000 08:06 3932478                    /lib/x86_64-linux-gnu/libnss_files-2.19.so
7fc9a6d78000-7fc9a6d79000 r--p 0000a000 08:06 3932478                    /lib/x86_64-linux-gnu/libnss_files-2.19.so
7fc9a6d79000-7fc9a6d7a000 rw-p 0000b000 08:06 3932478                    /lib/x86_64-linux-gnu/libnss_files-2.19.so
7fc9a6d7a000-7fc9a6d85000 r-xp 00000000 08:06 3933188                    /lib/x86_64-linux-gnu/libnss_nis-2.19.so
7fc9a6d85000-7fc9a6f84000 ---p 0000b000 08:06 3933188                    /lib/x86_64-linux-gnu/libnss_nis-2.19.so
7fc9a6f84000-7fc9a6f85000 r--p 0000a000 08:06 3933188                    /lib/x86_64-linux-gnu/libnss_nis-2.19.so
7fc9a6f85000-7fc9a6f86000 rw-p 0000b000 08:06 3933188                    /lib/x86_64-linux-gnu/libnss_nis-2.19.so
7fc9a6f86000-7fc9a6f9d000 r-xp 00000000 08:06 3933168                    /lib/x86_64-linux-gnu/libnsl-2.19.so
7fc9a6f9d000-7fc9a719c000 ---p 00017000 08:06 3933168                    /lib/x86_64-linux-gnu/libnsl-2.19.so
7fc9a719c000-7fc9a719d000 r--p 00016000 08:06 3933168                    /lib/x86_64-linux-gnu/libnsl-2.19.so
7fc9a719d000-7fc9a719e000 rw-p 00017000 08:06 3933168                    /lib/x86_64-linux-gnu/libnsl-2.19.so
7fc9a719e000-7fc9a71a0000 rw-p 00000000 00:00 0 
7fc9a71a0000-7fc9a71a9000 r-xp 00000000 08:06 3933166                    /lib/x86_64-linux-gnu/libnss_compat-2.19.so
7fc9a71a9000-7fc9a73a8000 ---p 00009000 08:06 3933166                    /lib/x86_64-linux-gnu/libnss_compat-2.19.so
7fc9a73a8000-7fc9a73a9000 r--p 00008000 08:06 3933166                    /lib/x86_64-linux-gnu/libnss_compat-2.19.so
7fc9a73a9000-7fc9a73aa000 rw-p 00009000 08:06 3933166                    /lib/x86_64-linux-gnu/libnss_compat-2.19.so
7fc9a73aa000-7fc9a73d3000 r-xp 00000000 08:06 1706639                    /usr/lib/jvm/java-7-oracle/jre/lib/amd64/libjava.so
7fc9a73d3000-7fc9a75d3000 ---p 00029000 08:06 1706639                    /usr/lib/jvm/java-7-oracle/jre/lib/amd64/libjava.so
7fc9a75d3000-7fc9a75d5000 rw-p 00029000 08:06 1706639                    /usr/lib/jvm/java-7-oracle/jre/lib/amd64/libjava.so
7fc9a75d5000-7fc9a75e2000 r-xp 00000000 08:06 1706674                    /usr/lib/jvm/java-7-oracle/jre/lib/amd64/libverify.so
7fc9a75e2000-7fc9a77e1000 ---p 0000d000 08:06 1706674                    /usr/lib/jvm/java-7-oracle/jre/lib/amd64/libverify.so
7fc9a77e1000-7fc9a77e3000 rw-p 0000c000 08:06 1706674                    /usr/lib/jvm/java-7-oracle/jre/lib/amd64/libverify.so
7fc9a77e3000-7fc9a77ea000 r-xp 00000000 08:06 3933184                    /lib/x86_64-linux-gnu/librt-2.19.so
7fc9a77ea000-7fc9a79e9000 ---p 00007000 08:06 3933184                    /lib/x86_64-linux-gnu/librt-2.19.so
7fc9a79e9000-7fc9a79ea000 r--p 00006000 08:06 3933184                    /lib/x86_64-linux-gnu/librt-2.19.so
7fc9a79ea000-7fc9a79eb000 rw-p 00007000 08:06 3933184                    /lib/x86_64-linux-gnu/librt-2.19.so
7fc9a79eb000-7fc9a7af0000 r-xp 00000000 08:06 3932476                    /lib/x86_64-linux-gnu/libm-2.19.so
7fc9a7af0000-7fc9a7cef000 ---p 00105000 08:06 3932476                    /lib/x86_64-linux-gnu/libm-2.19.so
7fc9a7cef000-7fc9a7cf0000 r--p 00104000 08:06 3932476                    /lib/x86_64-linux-gnu/libm-2.19.so
7fc9a7cf0000-7fc9a7cf1000 rw-p 00105000 08:06 3932476                    /lib/x86_64-linux-gnu/libm-2.19.so
7fc9a7cf1000-7fc9a8867000 r-xp 00000000 08:06 1706685                    /usr/lib/jvm/java-7-oracle/jre/lib/amd64/server/libjvm.so
7fc9a8867000-7fc9a8a66000 ---p 00b76000 08:06 1706685                    /usr/lib/jvm/java-7-oracle/jre/lib/amd64/server/libjvm.so
7fc9a8a66000-7fc9a8b2a000 rw-p 00b75000 08:06 1706685                    /usr/lib/jvm/java-7-oracle/jre/lib/amd64/server/libjvm.so
7fc9a8b2a000-7fc9a8b6b000 rw-p 00000000 00:00 0 
7fc9a8b6b000-7fc9a8d26000 r-xp 00000000 08:06 3933178                    /lib/x86_64-linux-gnu/libc-2.19.so
7fc9a8d26000-7fc9a8f25000 ---p 001bb000 08:06 3933178                    /lib/x86_64-linux-gnu/libc-2.19.so
7fc9a8f25000-7fc9a8f29000 r--p 001ba000 08:06 3933178                    /lib/x86_64-linux-gnu/libc-2.19.so
7fc9a8f29000-7fc9a8f2b000 rw-p 001be000 08:06 3933178                    /lib/x86_64-linux-gnu/libc-2.19.so
7fc9a8f2b000-7fc9a8f30000 rw-p 00000000 00:00 0 
7fc9a8f30000-7fc9a8f33000 r-xp 00000000 08:06 3933156                    /lib/x86_64-linux-gnu/libdl-2.19.so
7fc9a8f33000-7fc9a9132000 ---p 00003000 08:06 3933156                    /lib/x86_64-linux-gnu/libdl-2.19.so
7fc9a9132000-7fc9a9133000 r--p 00002000 08:06 3933156                    /lib/x86_64-linux-gnu/libdl-2.19.so
7fc9a9133000-7fc9a9134000 rw-p 00003000 08:06 3933156                    /lib/x86_64-linux-gnu/libdl-2.19.so
7fc9a9134000-7fc9a9149000 r-xp 00000000 08:06 13384959                   /usr/lib/jvm/java-7-oracle/lib/amd64/jli/libjli.so
7fc9a9149000-7fc9a9348000 ---p 00015000 08:06 13384959                   /usr/lib/jvm/java-7-oracle/lib/amd64/jli/libjli.so
7fc9a9348000-7fc9a9349000 rw-p 00014000 08:06 13384959                   /usr/lib/jvm/java-7-oracle/lib/amd64/jli/libjli.so
7fc9a9349000-7fc9a9362000 r-xp 00000000 08:06 3933180                    /lib/x86_64-linux-gnu/libpthread-2.19.so
7fc9a9362000-7fc9a9561000 ---p 00019000 08:06 3933180                    /lib/x86_64-linux-gnu/libpthread-2.19.so
7fc9a9561000-7fc9a9562000 r--p 00018000 08:06 3933180                    /lib/x86_64-linux-gnu/libpthread-2.19.so
7fc9a9562000-7fc9a9563000 rw-p 00019000 08:06 3933180                    /lib/x86_64-linux-gnu/libpthread-2.19.so
7fc9a9563000-7fc9a9567000 rw-p 00000000 00:00 0 
7fc9a9567000-7fc9a958a000 r-xp 00000000 08:06 3933172                    /lib/x86_64-linux-gnu/ld-2.19.so
7fc9a958d000-7fc9a95ad000 rw-p 00000000 00:00 0 
7fc9a95ad000-7fc9a9663000 rw-p 00000000 00:00 0 
7fc9a9663000-7fc9a9666000 ---p 00000000 00:00 0 
7fc9a9666000-7fc9a9768000 rw-p 00000000 00:00 0                          [stack:24032]
7fc9a976d000-7fc9a976e000 rw-p 00000000 00:00 0 
7fc9a976e000-7fc9a977d000 r--s 000df000 08:06 2908947                    /home/tatyana/Android/Sdk/build-tools/23.0.1/lib/dx.jar
7fc9a977d000-7fc9a9785000 rw-s 00000000 08:06 13907280                   /tmp/hsperfdata_tatyana/24022
7fc9a9785000-7fc9a9786000 rw-p 00000000 00:00 0 
7fc9a9786000-7fc9a9787000 ---p 00000000 00:00 0 
7fc9a9787000-7fc9a9789000 rw-p 00000000 00:00 0 
7fc9a9789000-7fc9a978a000 r--p 00022000 08:06 3933172                    /lib/x86_64-linux-gnu/ld-2.19.so
7fc9a978a000-7fc9a978b000 rw-p 00023000 08:06 3933172                    /lib/x86_64-linux-gnu/ld-2.19.so
7fc9a978b000-7fc9a978c000 rw-p 00000000 00:00 0 
7ffc03fd1000-7ffc03ff2000 rw-p 00000000 00:00 0                          [stack]
7ffc03ff2000-7ffc03ff4000 r-xp 00000000 00:00 0                          [vdso]
ffffffffff600000-ffffffffff601000 r-xp 00000000 00:00 0                  [vsyscall]

VM Arguments:
jvm_args: -Xmx1024M -Dfile.encoding=UTF-8 -Duser.country=US -Duser.language=en -Duser.variant 
java_command: com.android.dx.command.Main --dex --num-threads=4 --output /home/tatyana/Documents/WORK/projects/testApps_new_work/AgileEngine/TodoApp/app/build/intermediates/pre-dexed/debug/classes-36751cb740d6c80aacca0ff1460cfdedfe6542a6.jar /home/tatyana/Documents/WORK/projects/testApps_new_work/AgileEngine/TodoApp/app/build/intermediates/exploded-aar/com.android.support/support-v4/23.0.1/jars/classes.jar
Launcher Type: SUN_STANDARD

Environment Variables:
PATH=/usr/local/sbin:/usr/local/bin:/usr/sbin:/usr/bin:/sbin:/bin:/usr/games:/usr/local/games
LD_LIBRARY_PATH=/home/tatyana/Documents/tools/android-studio/bin:
SHELL=/bin/bash
DISPLAY=:0

Signal Handlers:
SIGSEGV: [libjvm.so+0x9a3b20], sa_mask[0]=0x7ffbfeff, sa_flags=0x10000004
SIGBUS: [libjvm.so+0x9a3b20], sa_mask[0]=0x7ffbfeff, sa_flags=0x10000004
SIGFPE: [libjvm.so+0x81e740], sa_mask[0]=0x7ffbfeff, sa_flags=0x10000004
SIGPIPE: [libjvm.so+0x81e740], sa_mask[0]=0x7ffbfeff, sa_flags=0x10000004
SIGXFSZ: [libjvm.so+0x81e740], sa_mask[0]=0x7ffbfeff, sa_flags=0x10000004
SIGILL: [libjvm.so+0x81e740], sa_mask[0]=0x7ffbfeff, sa_flags=0x10000004
SIGUSR1: SIG_DFL, sa_mask[0]=0x00000000, sa_flags=0x00000000
SIGUSR2: [libjvm.so+0x81ffb0], sa_mask[0]=0x00000004, sa_flags=0x10000004
SIGHUP: [libjvm.so+0x8210d0], sa_mask[0]=0x7ffbfeff, sa_flags=0x10000004
SIGINT: [libjvm.so+0x8210d0], sa_mask[0]=0x7ffbfeff, sa_flags=0x10000004
SIGTERM: [libjvm.so+0x8210d0], sa_mask[0]=0x7ffbfeff, sa_flags=0x10000004
SIGQUIT: [libjvm.so+0x8210d0], sa_mask[0]=0x7ffbfeff, sa_flags=0x10000004


---------------  S Y S T E M  ---------------

OS:jessie/sid

uname:Linux 3.13.0-63-generic #103-Ubuntu SMP Fri Aug 14 21:42:59 UTC 2015 x86_64
libc:glibc 2.19 NPTL 2.19 
rlimit: STACK 8192k, CORE 0k, NPROC 62611, NOFILE 4096, AS infinity
load average:6,85 2,10 1,23

/proc/meminfo:
MemTotal:        8035836 kB
MemFree:          101292 kB
Buffers:             860 kB
Cached:           753276 kB
SwapCached:        35960 kB
Active:          6465104 kB
Inactive:        1186616 kB
Active(anon):    6438312 kB
Inactive(anon):  1163888 kB
Active(file):      26792 kB
Inactive(file):    22728 kB
Unevictable:        3032 kB
Mlocked:            3032 kB
SwapTotal:        999420 kB
SwapFree:              0 kB
Dirty:                64 kB
Writeback:            72 kB
AnonPages:       6865096 kB
Mapped:           398552 kB
Shmem:            704408 kB
Slab:             108528 kB
SReclaimable:      58424 kB
SUnreclaim:        50104 kB
KernelStack:        7584 kB
PageTables:        76760 kB
NFS_Unstable:          0 kB
Bounce:                0 kB
WritebackTmp:          0 kB
CommitLimit:     5017336 kB
Committed_AS:   16507048 kB
VmallocTotal:   34359738367 kB
VmallocUsed:      355416 kB
VmallocChunk:   34359331964 kB
HardwareCorrupted:     0 kB
AnonHugePages:   1945600 kB
HugePages_Total:       0
HugePages_Free:        0
HugePages_Rsvd:        0
HugePages_Surp:        0
Hugepagesize:       2048 kB
DirectMap4k:       68364 kB
DirectMap2M:     8179712 kB


CPU:total 4 (2 cores per cpu, 2 threads per core) family 6 model 58 stepping 9, cmov, cx8, fxsr, mmx, sse, sse2, sse3, ssse3, sse4.1, sse4.2, popcnt, avx, aes, erms, ht, tsc, tscinvbit, tscinv

/proc/cpuinfo:
processor	: 0
vendor_id	: GenuineIntel
cpu family	: 6
model		: 58
model name	: Intel(R) Core(TM) i5-3210M CPU @ 2.50GHz
stepping	: 9
microcode	: 0x12
cpu MHz		: 2501.000
cache size	: 3072 KB
physical id	: 0
siblings	: 4
core id		: 0
cpu cores	: 2
apicid		: 0
initial apicid	: 0
fpu		: yes
fpu_exception	: yes
cpuid level	: 13
wp		: yes
flags		: fpu vme de pse tsc msr pae mce cx8 apic sep mtrr pge mca cmov pat pse36 clflush dts acpi mmx fxsr sse sse2 ss ht tm pbe syscall nx rdtscp lm constant_tsc arch_perfmon pebs bts rep_good nopl xtopology nonstop_tsc aperfmperf eagerfpu pni pclmulqdq dtes64 monitor ds_cpl vmx est tm2 ssse3 cx16 xtpr pdcm pcid sse4_1 sse4_2 x2apic popcnt tsc_deadline_timer aes xsave avx f16c rdrand lahf_lm ida arat epb xsaveopt pln pts dtherm tpr_shadow vnmi flexpriority ept vpid fsgsbase smep erms
bogomips	: 4989.01
clflush size	: 64
cache_alignment	: 64
address sizes	: 36 bits physical, 48 bits virtual
power management:

processor	: 1
vendor_id	: GenuineIntel
cpu family	: 6
model		: 58
model name	: Intel(R) Core(TM) i5-3210M CPU @ 2.50GHz
stepping	: 9
microcode	: 0x12
cpu MHz		: 2501.000
cache size	: 3072 KB
physical id	: 0
siblings	: 4
core id		: 0
cpu cores	: 2
apicid		: 1
initial apicid	: 1
fpu		: yes
fpu_exception	: yes
cpuid level	: 13
wp		: yes
flags		: fpu vme de pse tsc msr pae mce cx8 apic sep mtrr pge mca cmov pat pse36 clflush dts acpi mmx fxsr sse sse2 ss ht tm pbe syscall nx rdtscp lm constant_tsc arch_perfmon pebs bts rep_good nopl xtopology nonstop_tsc aperfmperf eagerfpu pni pclmulqdq dtes64 monitor ds_cpl vmx est tm2 ssse3 cx16 xtpr pdcm pcid sse4_1 sse4_2 x2apic popcnt tsc_deadline_timer aes xsave avx f16c rdrand lahf_lm ida arat epb xsaveopt pln pts dtherm tpr_shadow vnmi flexpriority ept vpid fsgsbase smep erms
bogomips	: 4989.01
clflush size	: 64
cache_alignment	: 64
address sizes	: 36 bits physical, 48 bits virtual
power management:

processor	: 2
vendor_id	: GenuineIntel
cpu family	: 6
model		: 58
model name	: Intel(R) Core(TM) i5-3210M CPU @ 2.50GHz
stepping	: 9
microcode	: 0x12
cpu MHz		: 2501.000
cache size	: 3072 KB
physical id	: 0
siblings	: 4
core id		: 1
cpu cores	: 2
apicid		: 2
initial apicid	: 2
fpu		: yes
fpu_exception	: yes
cpuid level	: 13
wp		: yes
flags		: fpu vme de pse tsc msr pae mce cx8 apic sep mtrr pge mca cmov pat pse36 clflush dts acpi mmx fxsr sse sse2 ss ht tm pbe syscall nx rdtscp lm constant_tsc arch_perfmon pebs bts rep_good nopl xtopology nonstop_tsc aperfmperf eagerfpu pni pclmulqdq dtes64 monitor ds_cpl vmx est tm2 ssse3 cx16 xtpr pdcm pcid sse4_1 sse4_2 x2apic popcnt tsc_deadline_timer aes xsave avx f16c rdrand lahf_lm ida arat epb xsaveopt pln pts dtherm tpr_shadow vnmi flexpriority ept vpid fsgsbase smep erms
bogomips	: 4989.01
clflush size	: 64
cache_alignment	: 64
address sizes	: 36 bits physical, 48 bits virtual
power management:

processor	: 3
vendor_id	: GenuineIntel
cpu family	: 6
model		: 58
model name	: Intel(R) Core(TM) i5-3210M CPU @ 2.50GHz
stepping	: 9
microcode	: 0x12
cpu MHz		: 2501.000
cache size	: 3072 KB
physical id	: 0
siblings	: 4
core id		: 1
cpu cores	: 2
apicid		: 3
initial apicid	: 3
fpu		: yes
fpu_exception	: yes
cpuid level	: 13
wp		: yes
flags		: fpu vme de pse tsc msr pae mce cx8 apic sep mtrr pge mca cmov pat pse36 clflush dts acpi mmx fxsr sse sse2 ss ht tm pbe syscall nx rdtscp lm constant_tsc arch_perfmon pebs bts rep_good nopl xtopology nonstop_tsc aperfmperf eagerfpu pni pclmulqdq dtes64 monitor ds_cpl vmx est tm2 ssse3 cx16 xtpr pdcm pcid sse4_1 sse4_2 x2apic popcnt tsc_deadline_timer aes xsave avx f16c rdrand lahf_lm ida arat epb xsaveopt pln pts dtherm tpr_shadow vnmi flexpriority ept vpid fsgsbase smep erms
bogomips	: 4989.01
clflush size	: 64
cache_alignment	: 64
address sizes	: 36 bits physical, 48 bits virtual
power management:



Memory: 4k page, physical 8035836k(101292k free), swap 999420k(0k free)

vm_info: Java HotSpot(TM) 64-Bit Server VM (24.80-b11) for linux-amd64 JRE (1.7.0_80-b15), built on Apr 10 2015 19:53:14 by "java_re" with gcc 4.3.0 20080428 (Red Hat 4.3.0-8)

time: Wed Sep 16 17:07:25 2015
elapsed time: 23 seconds

